<?xml version="1.0" encoding="UTF-8" standalone="yes" ?>
<test-results name="D:\OneDrive\Projetos\Mestre dos códigos\Delphi\atividade08\Win32\Debug\test.exe" total="1" errors="0" failures="0" ignored="0" inconclusive="0" not-run="0" skipped="0" invalid="0" date="2020-03-15" time="0.031">
  <culture-info current-culture="en" current-uiculture="en" />
  <test-suite type="Assembly" name="test.exe" executed="true" result="Success" success="True" time="0.031" asserts="0">
    <results>
        <test-suite type="Namespace" name="uExtensoTest" executed="true" result="Success" success="True" time="0.030" asserts="0" >
          <results>
              <test-suite type="Fixture" name="TExtensoTest" executed="True" result="Success" success="True" time="0.030" >
                <results>
                  <test-case name="TestExtenso" executed="True" result="Success" success="True" time="0.021" asserts="0" />
                </results>
              </test-suite>
          </results>
        </test-suite>
    </results>
  </test-suite>
</test-results>
